# JRE version: Java(TM) SE Runtime Environment (8.0_241-b07) (build 1.8.0_241-b07)
# Java VM: Java HotSpot(TM) 64-Bit Server VM (25.241-b07 mixed mode bsd-amd64 compressed oops)
Heap:
 PSYoungGen      total 280576K, used 90061K [0x0000000795580000, 0x00000007a9200000, 0x00000007c0000000)
  eden space 262144K, 34% used [0x0000000795580000,0x000000079ad737c8,0x00000007a5580000)
  from space 18432K, 0% used [0x00000007a6780000,0x00000007a6780000,0x00000007a7980000)
  to   space 18432K, 0% used [0x00000007a5580000,0x00000007a5580000,0x00000007a6780000)
 ParOldGen       total 125440K, used 23420K [0x0000000740000000, 0x0000000747a80000, 0x0000000795580000)
  object space 125440K, 18% used [0x0000000740000000,0x00000007416df3a0,0x0000000747a80000)
 Metaspace       used 58357K, capacity 62260K, committed 62488K, reserved 1103872K
  class space    used 8012K, capacity 8640K, committed 8728K, reserved 1048576K
GC Heap History (10 events):
Event: 4.294 GC heap before
{Heap before GC invocations=11 (full 2):
 PSYoungGen      total 175616K, used 8191K [0x0000000795580000, 0x00000007a4800000, 0x00000007c0000000)
  eden space 167424K, 0% used [0x0000000795580000,0x0000000795580000,0x000000079f900000)
  from space 8192K, 99% used [0x000000079f900000,0x00000007a00ffc38,0x00000007a0100000)
  to   space 11776K, 0% used [0x00000007a3c80000,0x00000007a3c80000,0x00000007a4800000)
 ParOldGen       total 54784K, used 12851K [0x0000000740000000, 0x0000000743580000, 0x0000000795580000)
  object space 54784K, 23% used [0x0000000740000000,0x0000000740c8cef8,0x0000000743580000)
 Metaspace       used 33016K, capacity 35308K, committed 35496K, reserved 1079296K
  class space    used 4233K, capacity 4668K, committed 4776K, reserved 1048576K
Event: 4.356 GC heap after
Heap after GC invocations=11 (full 2):
 PSYoungGen      total 175616K, used 0K [0x0000000795580000, 0x00000007a4800000, 0x00000007c0000000)
  eden space 167424K, 0% used [0x0000000795580000,0x0000000795580000,0x000000079f900000)
  from space 8192K, 0% used [0x000000079f900000,0x000000079f900000,0x00000007a0100000)
  to   space 11776K, 0% used [0x00000007a3c80000,0x00000007a3c80000,0x00000007a4800000)
 ParOldGen       total 94208K, used 18274K [0x0000000740000000, 0x0000000745c00000, 0x0000000795580000)
  object space 94208K, 19% used [0x0000000740000000,0x00000007411d8af0,0x0000000745c00000)
 Metaspace       used 33016K, capacity 35308K, committed 35496K, reserved 1079296K
  class space    used 4233K, capacity 4668K, committed 4776K, reserved 1048576K
}
Event: 5.766 GC heap before
{Heap before GC invocations=12 (full 2):
 PSYoungGen      total 175616K, used 167424K [0x0000000795580000, 0x00000007a4800000, 0x00000007c0000000)
  eden space 167424K, 100% used [0x0000000795580000,0x000000079f900000,0x000000079f900000)
  from space 8192K, 0% used [0x000000079f900000,0x000000079f900000,0x00000007a0100000)
  to   space 11776K, 0% used [0x00000007a3c80000,0x00000007a3c80000,0x00000007a4800000)
 ParOldGen       total 94208K, used 18274K [0x0000000740000000, 0x0000000745c00000, 0x0000000795580000)
  object space 94208K, 19% used [0x0000000740000000,0x00000007411d8af0,0x0000000745c00000)
 Metaspace       used 42722K, capacity 45550K, committed 45864K, reserved 1089536K
  class space    used 5634K, capacity 6125K, committed 6184K, reserved 1048576K
Event: 5.779 GC heap after
Heap after GC invocations=12 (full 2):
 PSYoungGen      total 221696K, used 11764K [0x0000000795580000, 0x00000007a4800000, 0x00000007c0000000)
  eden space 209920K, 0% used [0x0000000795580000,0x0000000795580000,0x00000007a2280000)
  from space 11776K, 99% used [0x00000007a3c80000,0x00000007a47fd358,0x00000007a4800000)
  to   space 13824K, 0% used [0x00000007a2d00000,0x00000007a2d00000,0x00000007a3a80000)
 ParOldGen       total 94208K, used 18999K [0x0000000740000000, 0x0000000745c00000, 0x0000000795580000)
  object space 94208K, 20% used [0x0000000740000000,0x000000074128dc58,0x0000000745c00000)
 Metaspace       used 42722K, capacity 45550K, committed 45864K, reserved 1089536K
  class space    used 5634K, capacity 6125K, committed 6184K, reserved 1048576K
}
Event: 7.982 GC heap before
{Heap before GC invocations=13 (full 2):
 PSYoungGen      total 221696K, used 221684K [0x0000000795580000, 0x00000007a4800000, 0x00000007c0000000)
  eden space 209920K, 100% used [0x0000000795580000,0x00000007a2280000,0x00000007a2280000)
  from space 11776K, 99% used [0x00000007a3c80000,0x00000007a47fd358,0x00000007a4800000)
  to   space 13824K, 0% used [0x00000007a2d00000,0x00000007a2d00000,0x00000007a3a80000)
 ParOldGen       total 94208K, used 18999K [0x0000000740000000, 0x0000000745c00000, 0x0000000795580000)
  object space 94208K, 20% used [0x0000000740000000,0x000000074128dc58,0x0000000745c00000)
 Metaspace       used 55296K, capacity 58626K, committed 58792K, reserved 1099776K
  class space    used 7534K, capacity 8079K, committed 8104K, reserved 1048576K
Event: 8.011 GC heap after
Heap after GC invocations=13 (full 2):
 PSYoungGen      total 234496K, used 13809K [0x0000000795580000, 0x00000007a7980000, 0x00000007c0000000)
  eden space 220672K, 0% used [0x0000000795580000,0x0000000795580000,0x00000007a2d00000)
  from space 13824K, 99% used [0x00000007a2d00000,0x00000007a3a7c550,0x00000007a3a80000)
  to   space 18432K, 0% used [0x00000007a6780000,0x00000007a6780000,0x00000007a7980000)
 ParOldGen       total 94208K, used 25854K [0x0000000740000000, 0x0000000745c00000, 0x0000000795580000)
  object space 94208K, 27% used [0x0000000740000000,0x000000074193fb98,0x0000000745c00000)
 Metaspace       used 55296K, capacity 58626K, committed 58792K, reserved 1099776K
  class space    used 7534K, capacity 8079K, committed 8104K, reserved 1048576K
}
Event: 8.217 GC heap before
{Heap before GC invocations=14 (full 2):
 PSYoungGen      total 234496K, used 36869K [0x0000000795580000, 0x00000007a7980000, 0x00000007c0000000)
  eden space 220672K, 10% used [0x0000000795580000,0x0000000796c05070,0x00000007a2d00000)
  from space 13824K, 99% used [0x00000007a2d00000,0x00000007a3a7c550,0x00000007a3a80000)
  to   space 18432K, 0% used [0x00000007a6780000,0x00000007a6780000,0x00000007a7980000)
 ParOldGen       total 94208K, used 25854K [0x0000000740000000, 0x0000000745c00000, 0x0000000795580000)
  object space 94208K, 27% used [0x0000000740000000,0x000000074193fb98,0x0000000745c00000)
 Metaspace       used 55642K, capacity 59074K, committed 59160K, reserved 1099776K
  class space    used 7577K, capacity 8139K, committed 8216K, reserved 1048576K
Event: 8.225 GC heap after
Heap after GC invocations=14 (full 2):
 PSYoungGen      total 280576K, used 949K [0x0000000795580000, 0x00000007a9200000, 0x00000007c0000000)
  eden space 262144K, 0% used [0x0000000795580000,0x0000000795580000,0x00000007a5580000)
  from space 18432K, 5% used [0x00000007a6780000,0x00000007a686d498,0x00000007a7980000)
  to   space 18432K, 0% used [0x00000007a5580000,0x00000007a5580000,0x00000007a6780000)
 ParOldGen       total 94208K, used 31253K [0x0000000740000000, 0x0000000745c00000, 0x0000000795580000)
  object space 94208K, 33% used [0x0000000740000000,0x0000000741e856a0,0x0000000745c00000)
 Metaspace       used 55642K, capacity 59074K, committed 59160K, reserved 1099776K
  class space    used 7577K, capacity 8139K, committed 8216K, reserved 1048576K
}
Event: 8.225 GC heap before
{Heap before GC invocations=15 (full 3):
 PSYoungGen      total 280576K, used 949K [0x0000000795580000, 0x00000007a9200000, 0x00000007c0000000)
  eden space 262144K, 0% used [0x0000000795580000,0x0000000795580000,0x00000007a5580000)
  from space 18432K, 5% used [0x00000007a6780000,0x00000007a686d498,0x00000007a7980000)
  to   space 18432K, 0% used [0x00000007a5580000,0x00000007a5580000,0x00000007a6780000)
 ParOldGen       total 94208K, used 31253K [0x0000000740000000, 0x0000000745c00000, 0x0000000795580000)
  object space 94208K, 33% used [0x0000000740000000,0x0000000741e856a0,0x0000000745c00000)
 Metaspace       used 55642K, capacity 59074K, committed 59160K, reserved 1099776K
  class space    used 7577K, capacity 8139K, committed 8216K, reserved 1048576K
Event: 8.345 GC heap after
Heap after GC invocations=15 (full 3):
 PSYoungGen      total 280576K, used 0K [0x0000000795580000, 0x00000007a9200000, 0x00000007c0000000)
  eden space 262144K, 0% used [0x0000000795580000,0x0000000795580000,0x00000007a5580000)
  from space 18432K, 0% used [0x00000007a6780000,0x00000007a6780000,0x00000007a7980000)
  to   space 18432K, 0% used [0x00000007a5580000,0x00000007a5580000,0x00000007a6780000)
 ParOldGen       total 125440K, used 23420K [0x0000000740000000, 0x0000000747a80000, 0x0000000795580000)
  object space 125440K, 18% used [0x0000000740000000,0x00000007416df3a0,0x0000000747a80000)
 Metaspace       used 55642K, capacity 59074K, committed 59160K, reserved 1099776K
  class space    used 7577K, capacity 8139K, committed 8216K, reserved 1048576K
}

